c:\github\bzcc_ztv_git\ztv\source code\ztvjourney\debug\vc142.pdb
c:\github\bzcc_ztv_git\ztv\source code\ztvjourney\debug\vc142.idb
c:\github\bzcc_ztv_git\ztv\source code\ztvjourney\debug\ztvjourney.obj
c:\github\bzcc_ztv_git\ztv\source code\ztvjourney\debug\stratinstant.obj
c:\github\bzcc_ztv_git\ztv\source code\ztvjourney\debug\trnallies.obj
c:\github\bzcc_ztv_git\ztv\source code\ztvjourney\debug\taunts.obj
c:\github\bzcc_ztv_git\ztv\source code\ztvjourney\debug\submission.obj
c:\github\bzcc_ztv_git\ztv\source code\ztvjourney\debug\startingvehicles.obj
c:\github\bzcc_ztv_git\ztv\source code\ztvjourney\debug\dllutils.obj
c:\github\bzcc_ztv_git\ztv\source code\ztvjourney\debug\dllbase.obj
c:\github\bzcc_ztv_git\ztv\source code\ztvjourney\debug\ztvjourney.ilk
c:\github\bzcc_ztv_git\ztv\source code\ztvjourney\debug\ztvjourney.dll
c:\github\bzcc_ztv_git\ztv\source code\ztvjourney\debug\ztvjourney.pdb
c:\github\bzcc_ztv_git\ztv\source code\ztvjourney\debug\ztvjourney.lib
c:\github\bzcc_ztv_git\ztv\source code\ztvjourney\debug\ztvjourney.exp
c:\github\bzcc_ztv_git\ztv\source code\ztvjourney\debug\ztvjourney.tlog\cl.command.1.tlog
c:\github\bzcc_ztv_git\ztv\source code\ztvjourney\debug\ztvjourney.tlog\cl.read.1.tlog
c:\github\bzcc_ztv_git\ztv\source code\ztvjourney\debug\ztvjourney.tlog\cl.write.1.tlog
c:\github\bzcc_ztv_git\ztv\source code\ztvjourney\debug\ztvjourney.tlog\link.command.1.tlog
c:\github\bzcc_ztv_git\ztv\source code\ztvjourney\debug\ztvjourney.tlog\link.delete.1.tlog
c:\github\bzcc_ztv_git\ztv\source code\ztvjourney\debug\ztvjourney.tlog\link.read.1.tlog
c:\github\bzcc_ztv_git\ztv\source code\ztvjourney\debug\ztvjourney.tlog\link.write.1.tlog
c:\github\bzcc_ztv_git\ztv\source code\ztvjourney\debug\ztvjourney.tlog\ztvjourney.write.1u.tlog
