c:\github\bzcc_ztv_git\ztv\source code\ztvjourney\release\vc142.pdb
c:\github\bzcc_ztv_git\ztv\source code\ztvjourney\release\ztvmission.obj
c:\github\bzcc_ztv_git\ztv\source code\ztvjourney\release\ztvmain.obj
c:\github\bzcc_ztv_git\ztv\source code\ztvjourney\release\stratinstant.obj
c:\github\bzcc_ztv_git\ztv\source code\ztvjourney\release\trnallies.obj
c:\github\bzcc_ztv_git\ztv\source code\ztvjourney\release\taunts.obj
c:\github\bzcc_ztv_git\ztv\source code\ztvjourney\release\submission.obj
c:\github\bzcc_ztv_git\ztv\source code\ztvjourney\release\startingvehicles.obj
c:\github\bzcc_ztv_git\ztv\source code\ztvjourney\release\dllutils.obj
c:\github\bzcc_ztv_git\ztv\source code\ztvjourney\release\dllbase.obj
c:\github\bzcc_ztv_git\ztv\missions\ztvjourney.dll
c:\github\bzcc_ztv_git\ztv\missions\ztvjourney.pdb
c:\github\bzcc_ztv_git\ztv\source code\ztvjourney\release\ztvjourney.lib
c:\github\bzcc_ztv_git\ztv\source code\ztvjourney\release\ztvjourney.exp
c:\github\bzcc_ztv_git\ztv\missions\ztvjourney.ipdb
c:\github\bzcc_ztv_git\ztv\missions\ztvjourney.iobj
c:\github\bzcc_ztv_git\ztv\source code\ztvjourney\..\..\missions\ztvjourney.dll
c:\github\bzcc_ztv_git\ztv\source code\ztvjourney\release\ztvjourney.tlog\cl.command.1.tlog
c:\github\bzcc_ztv_git\ztv\source code\ztvjourney\release\ztvjourney.tlog\cl.read.1.tlog
c:\github\bzcc_ztv_git\ztv\source code\ztvjourney\release\ztvjourney.tlog\cl.write.1.tlog
c:\github\bzcc_ztv_git\ztv\source code\ztvjourney\release\ztvjourney.tlog\link.command.1.tlog
c:\github\bzcc_ztv_git\ztv\source code\ztvjourney\release\ztvjourney.tlog\link.read.1.tlog
c:\github\bzcc_ztv_git\ztv\source code\ztvjourney\release\ztvjourney.tlog\link.write.1.tlog
c:\github\bzcc_ztv_git\ztv\source code\ztvjourney\release\ztvjourney.tlog\ztvjourney.write.1u.tlog
